<?xml version="1.0" encoding="UTF-8"?>
<!-- Generated by org.testng.reporters.JUnitReportReporter -->
<testsuite hostname="DESKTOP-H8UN4JU" failures="0" tests="2" name="qaclickacademy.AppiumTest" time="0.009" errors="0" timestamp="2021-07-18T11:27:39 IST" skipped="0">
  <testcase classname="qaclickacademy.AppiumTest" name="NativeAppAndriod" time="0.001"/>
  <system-out/>
  <testcase classname="qaclickacademy.AppiumTest" name="IOSApps" time="0.008"/>
  <system-out/>
</testsuite> <!-- qaclickacademy.AppiumTest -->
